!SESSION 2021-09-15 11:01:48.391 -----------------------------------------------
eclipse.buildId=4.20.0.I20210611-1600
java.version=16.0.2
java.vendor=Oracle Corporation
BootLoader constants: OS=win32, ARCH=x86_64, WS=win32, NL=en_US
Framework arguments:  -product org.eclipse.epp.package.java.product
Command-line arguments:  -os win32 -ws win32 -arch x86_64 -product org.eclipse.epp.package.java.product

!ENTRY org.eclipse.jface 2 0 2021-09-15 11:01:51.103
!MESSAGE Keybinding conflicts occurred.  They may interfere with normal accelerator operation.
!SUBENTRY 1 org.eclipse.jface 2 0 2021-09-15 11:01:51.103
!MESSAGE A conflict occurred for CTRL+SHIFT+T:
Binding(CTRL+SHIFT+T,
	ParameterizedCommand(Command(org.eclipse.jdt.ui.navigate.open.type,Open Type,
		Open a type in a Java editor,
		Category(org.eclipse.ui.category.navigate,Navigate,null,true),
		org.eclipse.ui.internal.WorkbenchHandlerServiceHandler@54556723,
		,,true),null),
	org.eclipse.ui.defaultAcceleratorConfiguration,
	org.eclipse.ui.contexts.window,,,system)
Binding(CTRL+SHIFT+T,
	ParameterizedCommand(Command(org.eclipse.lsp4e.symbolinworkspace,Go to Symbol in Workspace,
		,
		Category(org.eclipse.lsp4e.category,Language Servers,null,true),
		org.eclipse.ui.internal.WorkbenchHandlerServiceHandler@6124dda2,
		,,true),null),
	org.eclipse.ui.defaultAcceleratorConfiguration,
	org.eclipse.ui.contexts.window,,,system)

!ENTRY org.eclipse.egit.ui 2 0 2021-09-15 11:02:00.172
!MESSAGE Warning: The environment variable HOME is not set. The following directory will be used to store the Git
user global configuration and to define the default location to store repositories: 'C:\Users\malst'. If this is
not correct please set the HOME environment variable and restart Eclipse. Otherwise Git for Windows and
EGit might behave differently since they see different configuration options.
This warning can be switched off on the Team > Git > Confirmations and Warnings preference page.
!SESSION 2021-09-15 11:16:55.125 -----------------------------------------------
eclipse.buildId=4.20.0.I20210611-1600
java.version=16.0.2
java.vendor=Oracle Corporation
BootLoader constants: OS=win32, ARCH=x86_64, WS=win32, NL=en_US
Framework arguments:  -product org.eclipse.epp.package.java.product
Command-line arguments:  -os win32 -ws win32 -arch x86_64 -product org.eclipse.epp.package.java.product

!ENTRY org.eclipse.jface 2 0 2021-09-15 11:16:57.810
!MESSAGE Keybinding conflicts occurred.  They may interfere with normal accelerator operation.
!SUBENTRY 1 org.eclipse.jface 2 0 2021-09-15 11:16:57.810
!MESSAGE A conflict occurred for CTRL+SHIFT+T:
Binding(CTRL+SHIFT+T,
	ParameterizedCommand(Command(org.eclipse.jdt.ui.navigate.open.type,Open Type,
		Open a type in a Java editor,
		Category(org.eclipse.ui.category.navigate,Navigate,null,true),
		org.eclipse.ui.internal.WorkbenchHandlerServiceHandler@2d230cff,
		,,true),null),
	org.eclipse.ui.defaultAcceleratorConfiguration,
	org.eclipse.ui.contexts.window,,,system)
Binding(CTRL+SHIFT+T,
	ParameterizedCommand(Command(org.eclipse.lsp4e.symbolinworkspace,Go to Symbol in Workspace,
		,
		Category(org.eclipse.lsp4e.category,Language Servers,null,true),
		org.eclipse.ui.internal.WorkbenchHandlerServiceHandler@30bd39d5,
		,,true),null),
	org.eclipse.ui.defaultAcceleratorConfiguration,
	org.eclipse.ui.contexts.window,,,system)

!ENTRY org.eclipse.egit.ui 2 0 2021-09-15 11:17:05.813
!MESSAGE Warning: The environment variable HOME is not set. The following directory will be used to store the Git
user global configuration and to define the default location to store repositories: 'C:\Users\malst'. If this is
not correct please set the HOME environment variable and restart Eclipse. Otherwise Git for Windows and
EGit might behave differently since they see different configuration options.
This warning can be switched off on the Team > Git > Confirmations and Warnings preference page.
!SESSION 2021-09-15 11:40:29.040 -----------------------------------------------
eclipse.buildId=4.20.0.I20210611-1600
java.version=16.0.2
java.vendor=Oracle Corporation
BootLoader constants: OS=win32, ARCH=x86_64, WS=win32, NL=en_US
Framework arguments:  -product org.eclipse.epp.package.java.product
Command-line arguments:  -os win32 -ws win32 -arch x86_64 -product org.eclipse.epp.package.java.product

!ENTRY org.eclipse.jface 2 0 2021-09-15 11:40:31.911
!MESSAGE Keybinding conflicts occurred.  They may interfere with normal accelerator operation.
!SUBENTRY 1 org.eclipse.jface 2 0 2021-09-15 11:40:31.911
!MESSAGE A conflict occurred for CTRL+SHIFT+T:
Binding(CTRL+SHIFT+T,
	ParameterizedCommand(Command(org.eclipse.jdt.ui.navigate.open.type,Open Type,
		Open a type in a Java editor,
		Category(org.eclipse.ui.category.navigate,Navigate,null,true),
		org.eclipse.ui.internal.WorkbenchHandlerServiceHandler@45ad3cd8,
		,,true),null),
	org.eclipse.ui.defaultAcceleratorConfiguration,
	org.eclipse.ui.contexts.window,,,system)
Binding(CTRL+SHIFT+T,
	ParameterizedCommand(Command(org.eclipse.lsp4e.symbolinworkspace,Go to Symbol in Workspace,
		,
		Category(org.eclipse.lsp4e.category,Language Servers,null,true),
		org.eclipse.ui.internal.WorkbenchHandlerServiceHandler@2b90cc1,
		,,true),null),
	org.eclipse.ui.defaultAcceleratorConfiguration,
	org.eclipse.ui.contexts.window,,,system)

!ENTRY org.eclipse.egit.ui 2 0 2021-09-15 11:40:39.506
!MESSAGE Warning: The environment variable HOME is not set. The following directory will be used to store the Git
user global configuration and to define the default location to store repositories: 'C:\Users\malst'. If this is
not correct please set the HOME environment variable and restart Eclipse. Otherwise Git for Windows and
EGit might behave differently since they see different configuration options.
This warning can be switched off on the Team > Git > Confirmations and Warnings preference page.
!SESSION 2021-09-17 11:03:47.440 -----------------------------------------------
eclipse.buildId=4.20.0.I20210611-1600
java.version=16.0.2
java.vendor=Oracle Corporation
BootLoader constants: OS=win32, ARCH=x86_64, WS=win32, NL=en_US
Framework arguments:  -product org.eclipse.epp.package.java.product
Command-line arguments:  -os win32 -ws win32 -arch x86_64 -product org.eclipse.epp.package.java.product

!ENTRY org.eclipse.jface 2 0 2021-09-17 11:03:50.704
!MESSAGE Keybinding conflicts occurred.  They may interfere with normal accelerator operation.
!SUBENTRY 1 org.eclipse.jface 2 0 2021-09-17 11:03:50.704
!MESSAGE A conflict occurred for CTRL+SHIFT+T:
Binding(CTRL+SHIFT+T,
	ParameterizedCommand(Command(org.eclipse.jdt.ui.navigate.open.type,Open Type,
		Open a type in a Java editor,
		Category(org.eclipse.ui.category.navigate,Navigate,null,true),
		org.eclipse.ui.internal.WorkbenchHandlerServiceHandler@d2cb2d0,
		,,true),null),
	org.eclipse.ui.defaultAcceleratorConfiguration,
	org.eclipse.ui.contexts.window,,,system)
Binding(CTRL+SHIFT+T,
	ParameterizedCommand(Command(org.eclipse.lsp4e.symbolinworkspace,Go to Symbol in Workspace,
		,
		Category(org.eclipse.lsp4e.category,Language Servers,null,true),
		org.eclipse.ui.internal.WorkbenchHandlerServiceHandler@2d230cff,
		,,true),null),
	org.eclipse.ui.defaultAcceleratorConfiguration,
	org.eclipse.ui.contexts.window,,,system)

!ENTRY org.eclipse.egit.ui 2 0 2021-09-17 11:04:08.168
!MESSAGE Warning: The environment variable HOME is not set. The following directory will be used to store the Git
user global configuration and to define the default location to store repositories: 'C:\Users\malst'. If this is
not correct please set the HOME environment variable and restart Eclipse. Otherwise Git for Windows and
EGit might behave differently since they see different configuration options.
This warning can be switched off on the Team > Git > Confirmations and Warnings preference page.
!SESSION 2021-09-20 11:16:45.149 -----------------------------------------------
eclipse.buildId=4.20.0.I20210611-1600
java.version=16.0.2
java.vendor=Oracle Corporation
BootLoader constants: OS=win32, ARCH=x86_64, WS=win32, NL=en_US
Framework arguments:  -product org.eclipse.epp.package.java.product
Command-line arguments:  -os win32 -ws win32 -arch x86_64 -product org.eclipse.epp.package.java.product

!ENTRY org.eclipse.jface 2 0 2021-09-20 11:16:47.923
!MESSAGE Keybinding conflicts occurred.  They may interfere with normal accelerator operation.
!SUBENTRY 1 org.eclipse.jface 2 0 2021-09-20 11:16:47.923
!MESSAGE A conflict occurred for CTRL+SHIFT+T:
Binding(CTRL+SHIFT+T,
	ParameterizedCommand(Command(org.eclipse.jdt.ui.navigate.open.type,Open Type,
		Open a type in a Java editor,
		Category(org.eclipse.ui.category.navigate,Navigate,null,true),
		org.eclipse.ui.internal.WorkbenchHandlerServiceHandler@30bd39d5,
		,,true),null),
	org.eclipse.ui.defaultAcceleratorConfiguration,
	org.eclipse.ui.contexts.window,,,system)
Binding(CTRL+SHIFT+T,
	ParameterizedCommand(Command(org.eclipse.lsp4e.symbolinworkspace,Go to Symbol in Workspace,
		,
		Category(org.eclipse.lsp4e.category,Language Servers,null,true),
		org.eclipse.ui.internal.WorkbenchHandlerServiceHandler@3c87e851,
		,,true),null),
	org.eclipse.ui.defaultAcceleratorConfiguration,
	org.eclipse.ui.contexts.window,,,system)

!ENTRY org.eclipse.egit.ui 2 0 2021-09-20 11:16:57.508
!MESSAGE Warning: The environment variable HOME is not set. The following directory will be used to store the Git
user global configuration and to define the default location to store repositories: 'C:\Users\malst'. If this is
not correct please set the HOME environment variable and restart Eclipse. Otherwise Git for Windows and
EGit might behave differently since they see different configuration options.
This warning can be switched off on the Team > Git > Confirmations and Warnings preference page.
!SESSION 2021-09-20 11:19:53.969 -----------------------------------------------
eclipse.buildId=4.20.0.I20210611-1600
java.version=16.0.2
java.vendor=Oracle Corporation
BootLoader constants: OS=win32, ARCH=x86_64, WS=win32, NL=en_US
Framework arguments:  -product org.eclipse.epp.package.java.product
Command-line arguments:  -os win32 -ws win32 -arch x86_64 -product org.eclipse.epp.package.java.product

!ENTRY org.eclipse.jface 2 0 2021-09-20 11:19:56.904
!MESSAGE Keybinding conflicts occurred.  They may interfere with normal accelerator operation.
!SUBENTRY 1 org.eclipse.jface 2 0 2021-09-20 11:19:56.904
!MESSAGE A conflict occurred for CTRL+SHIFT+T:
Binding(CTRL+SHIFT+T,
	ParameterizedCommand(Command(org.eclipse.jdt.ui.navigate.open.type,Open Type,
		Open a type in a Java editor,
		Category(org.eclipse.ui.category.navigate,Navigate,null,true),
		org.eclipse.ui.internal.WorkbenchHandlerServiceHandler@2b90cc1,
		,,true),null),
	org.eclipse.ui.defaultAcceleratorConfiguration,
	org.eclipse.ui.contexts.window,,,system)
Binding(CTRL+SHIFT+T,
	ParameterizedCommand(Command(org.eclipse.lsp4e.symbolinworkspace,Go to Symbol in Workspace,
		,
		Category(org.eclipse.lsp4e.category,Language Servers,null,true),
		org.eclipse.ui.internal.WorkbenchHandlerServiceHandler@5a2f401a,
		,,true),null),
	org.eclipse.ui.defaultAcceleratorConfiguration,
	org.eclipse.ui.contexts.window,,,system)

!ENTRY org.eclipse.egit.ui 2 0 2021-09-20 11:20:08.560
!MESSAGE Warning: The environment variable HOME is not set. The following directory will be used to store the Git
user global configuration and to define the default location to store repositories: 'C:\Users\malst'. If this is
not correct please set the HOME environment variable and restart Eclipse. Otherwise Git for Windows and
EGit might behave differently since they see different configuration options.
This warning can be switched off on the Team > Git > Confirmations and Warnings preference page.
!SESSION 2021-09-20 11:26:26.790 -----------------------------------------------
eclipse.buildId=4.20.0.I20210611-1600
java.version=16.0.2
java.vendor=Oracle Corporation
BootLoader constants: OS=win32, ARCH=x86_64, WS=win32, NL=en_US
Framework arguments:  -product org.eclipse.epp.package.java.product
Command-line arguments:  -os win32 -ws win32 -arch x86_64 -product org.eclipse.epp.package.java.product

!ENTRY org.eclipse.jface 2 0 2021-09-20 11:26:29.641
!MESSAGE Keybinding conflicts occurred.  They may interfere with normal accelerator operation.
!SUBENTRY 1 org.eclipse.jface 2 0 2021-09-20 11:26:29.641
!MESSAGE A conflict occurred for CTRL+SHIFT+T:
Binding(CTRL+SHIFT+T,
	ParameterizedCommand(Command(org.eclipse.jdt.ui.navigate.open.type,Open Type,
		Open a type in a Java editor,
		Category(org.eclipse.ui.category.navigate,Navigate,null,true),
		org.eclipse.ui.internal.WorkbenchHandlerServiceHandler@6bdedbbd,
		,,true),null),
	org.eclipse.ui.defaultAcceleratorConfiguration,
	org.eclipse.ui.contexts.window,,,system)
Binding(CTRL+SHIFT+T,
	ParameterizedCommand(Command(org.eclipse.lsp4e.symbolinworkspace,Go to Symbol in Workspace,
		,
		Category(org.eclipse.lsp4e.category,Language Servers,null,true),
		org.eclipse.ui.internal.WorkbenchHandlerServiceHandler@47b961e2,
		,,true),null),
	org.eclipse.ui.defaultAcceleratorConfiguration,
	org.eclipse.ui.contexts.window,,,system)

!ENTRY org.eclipse.egit.ui 2 0 2021-09-20 11:26:37.259
!MESSAGE Warning: The environment variable HOME is not set. The following directory will be used to store the Git
user global configuration and to define the default location to store repositories: 'C:\Users\malst'. If this is
not correct please set the HOME environment variable and restart Eclipse. Otherwise Git for Windows and
EGit might behave differently since they see different configuration options.
This warning can be switched off on the Team > Git > Confirmations and Warnings preference page.
!SESSION 2021-09-20 11:28:21.456 -----------------------------------------------
eclipse.buildId=4.20.0.I20210611-1600
java.version=16.0.2
java.vendor=Oracle Corporation
BootLoader constants: OS=win32, ARCH=x86_64, WS=win32, NL=en_US
Framework arguments:  -product org.eclipse.epp.package.java.product
Command-line arguments:  -os win32 -ws win32 -arch x86_64 -product org.eclipse.epp.package.java.product

!ENTRY org.eclipse.jface 2 0 2021-09-20 11:28:24.542
!MESSAGE Keybinding conflicts occurred.  They may interfere with normal accelerator operation.
!SUBENTRY 1 org.eclipse.jface 2 0 2021-09-20 11:28:24.542
!MESSAGE A conflict occurred for CTRL+SHIFT+T:
Binding(CTRL+SHIFT+T,
	ParameterizedCommand(Command(org.eclipse.jdt.ui.navigate.open.type,Open Type,
		Open a type in a Java editor,
		Category(org.eclipse.ui.category.navigate,Navigate,null,true),
		org.eclipse.ui.internal.WorkbenchHandlerServiceHandler@3c87e851,
		,,true),null),
	org.eclipse.ui.defaultAcceleratorConfiguration,
	org.eclipse.ui.contexts.window,,,system)
Binding(CTRL+SHIFT+T,
	ParameterizedCommand(Command(org.eclipse.lsp4e.symbolinworkspace,Go to Symbol in Workspace,
		,
		Category(org.eclipse.lsp4e.category,Language Servers,null,true),
		org.eclipse.ui.internal.WorkbenchHandlerServiceHandler@54556723,
		,,true),null),
	org.eclipse.ui.defaultAcceleratorConfiguration,
	org.eclipse.ui.contexts.window,,,system)

!ENTRY org.eclipse.egit.ui 2 0 2021-09-20 11:28:32.763
!MESSAGE Warning: The environment variable HOME is not set. The following directory will be used to store the Git
user global configuration and to define the default location to store repositories: 'C:\Users\malst'. If this is
not correct please set the HOME environment variable and restart Eclipse. Otherwise Git for Windows and
EGit might behave differently since they see different configuration options.
This warning can be switched off on the Team > Git > Confirmations and Warnings preference page.
!SESSION 2021-09-22 11:02:44.571 -----------------------------------------------
eclipse.buildId=4.20.0.I20210611-1600
java.version=16.0.2
java.vendor=Oracle Corporation
BootLoader constants: OS=win32, ARCH=x86_64, WS=win32, NL=en_US
Framework arguments:  -product org.eclipse.epp.package.java.product
Command-line arguments:  -os win32 -ws win32 -arch x86_64 -product org.eclipse.epp.package.java.product

!ENTRY org.eclipse.jface 2 0 2021-09-22 11:02:47.796
!MESSAGE Keybinding conflicts occurred.  They may interfere with normal accelerator operation.
!SUBENTRY 1 org.eclipse.jface 2 0 2021-09-22 11:02:47.796
!MESSAGE A conflict occurred for CTRL+SHIFT+T:
Binding(CTRL+SHIFT+T,
	ParameterizedCommand(Command(org.eclipse.jdt.ui.navigate.open.type,Open Type,
		Open a type in a Java editor,
		Category(org.eclipse.ui.category.navigate,Navigate,null,true),
		org.eclipse.ui.internal.WorkbenchHandlerServiceHandler@5a2f401a,
		,,true),null),
	org.eclipse.ui.defaultAcceleratorConfiguration,
	org.eclipse.ui.contexts.window,,,system)
Binding(CTRL+SHIFT+T,
	ParameterizedCommand(Command(org.eclipse.lsp4e.symbolinworkspace,Go to Symbol in Workspace,
		,
		Category(org.eclipse.lsp4e.category,Language Servers,null,true),
		org.eclipse.ui.internal.WorkbenchHandlerServiceHandler@6bdedbbd,
		,,true),null),
	org.eclipse.ui.defaultAcceleratorConfiguration,
	org.eclipse.ui.contexts.window,,,system)

!ENTRY org.eclipse.egit.ui 2 0 2021-09-22 11:02:56.884
!MESSAGE Warning: The environment variable HOME is not set. The following directory will be used to store the Git
user global configuration and to define the default location to store repositories: 'C:\Users\malst'. If this is
not correct please set the HOME environment variable and restart Eclipse. Otherwise Git for Windows and
EGit might behave differently since they see different configuration options.
This warning can be switched off on the Team > Git > Confirmations and Warnings preference page.

!ENTRY org.eclipse.jdt.core 4 4 2021-09-22 11:43:35.460
!MESSAGE Exception occurred during compilation unit conversion:
----------------------------------- SOURCE BEGIN -------------------------------------
package FractionStuff;

import java.math.RoundingMode;
import java.text.DecimalFormat;

public class Fraction 
{
	int numerator;
	int denominator;
	
	Fraction() 
	{
		numerator = denominator = 1;  
		// add code here
	}
	
	Fraction(int n, int d) 
	{
		numerator = (n/gcd(n, d));
		denominator=(d/gcd(n, d));
		
	}
	
	private int gcd(int a, int b) 
	{
		if (b == 0)	return (a);
		else return (gcd(b, a % b));
	}
	
	public String toString() 
	{    
		return numerator+"/"+denominator;
	}
	
	String toDecimal() 
	{
		DecimalFormat numberFormat = new DecimalFormat("#.0000000");
		numberFormat.setRoundingMode(RoundingMode.CEILING);
		
		return numberFormat.format((double)numerator/denominator);
	}

	private int lcm(int a, int b)
    {
        return (a / gcd(a, b)) * b;
    }
	
	Fraction add(Fraction f) 
	{
		int LCM = lcm(denominator, f.denominator);
		denominator*lcm
		return f;
	}
	
}
 

----------------------------------- SOURCE END -------------------------------------
!STACK 0
java.lang.IllegalArgumentException
	at org.eclipse.jdt.core.dom.InfixExpression.setOperator(InfixExpression.java:383)
	at org.eclipse.jdt.core.dom.ASTConverter.convert(ASTConverter.java:1287)
	at org.eclipse.jdt.core.dom.ASTConverter.convert(ASTConverter.java:2031)
	at org.eclipse.jdt.core.dom.ASTConverter.convertToParenthesizedExpression(ASTConverter.java:3795)
	at org.eclipse.jdt.core.dom.ASTConverter.convert(ASTConverter.java:1943)
	at org.eclipse.jdt.core.dom.ASTConverter.convert(ASTConverter.java:1204)
	at org.eclipse.jdt.core.dom.ASTConverter.convert(ASTConverter.java:1974)
	at org.eclipse.jdt.core.dom.ASTConverter.convert(ASTConverter.java:3052)
	at org.eclipse.jdt.core.dom.ASTConverter.convert(ASTConverter.java:751)
	at org.eclipse.jdt.core.dom.ASTConverter.buildBodyDeclarations(ASTConverter.java:208)
	at org.eclipse.jdt.core.dom.ASTConverter.convert(ASTConverter.java:3347)
	at org.eclipse.jdt.core.dom.ASTConverter.convert(ASTConverter.java:1524)
	at org.eclipse.jdt.core.dom.AST.convertCompilationUnit(AST.java:494)
	at org.eclipse.jdt.internal.core.CompilationUnit.buildStructure(CompilationUnit.java:201)
	at org.eclipse.jdt.internal.core.Openable.generateInfos(Openable.java:266)
	at org.eclipse.jdt.internal.core.JavaElement.openWhenClosed(JavaElement.java:597)
	at org.eclipse.jdt.internal.core.CompilationUnit.makeConsistent(CompilationUnit.java:1142)
	at org.eclipse.jdt.internal.core.ReconcileWorkingCopyOperation.makeConsistent(ReconcileWorkingCopyOperation.java:173)
	at org.eclipse.jdt.internal.core.ReconcileWorkingCopyOperation.executeOperation(ReconcileWorkingCopyOperation.java:94)
	at org.eclipse.jdt.internal.core.JavaModelOperation.run(JavaModelOperation.java:740)
	at org.eclipse.jdt.internal.core.JavaModelOperation.runOperation(JavaModelOperation.java:806)
	at org.eclipse.jdt.internal.core.CompilationUnit.reconcile(CompilationUnit.java:1319)
	at org.eclipse.jdt.internal.ui.text.java.JavaReconcilingStrategy.reconcile(JavaReconcilingStrategy.java:131)
	at org.eclipse.jdt.internal.ui.text.java.JavaReconcilingStrategy.access$0(JavaReconcilingStrategy.java:113)
	at org.eclipse.jdt.internal.ui.text.java.JavaReconcilingStrategy$1.run(JavaReconcilingStrategy.java:93)
	at org.eclipse.core.runtime.SafeRunner.run(SafeRunner.java:45)
	at org.eclipse.jdt.internal.ui.text.java.JavaReconcilingStrategy.reconcile(JavaReconcilingStrategy.java:90)
	at org.eclipse.jdt.internal.ui.text.java.JavaReconcilingStrategy.reconcile(JavaReconcilingStrategy.java:157)
	at org.eclipse.jdt.internal.ui.text.CompositeReconcilingStrategy.reconcile(CompositeReconcilingStrategy.java:94)
	at org.eclipse.jdt.internal.ui.text.JavaCompositeReconcilingStrategy.reconcile(JavaCompositeReconcilingStrategy.java:107)
	at org.eclipse.jface.text.reconciler.MonoReconciler.process(MonoReconciler.java:76)
	at org.eclipse.jface.text.reconciler.AbstractReconciler$BackgroundThread.run(AbstractReconciler.java:210)

!ENTRY org.eclipse.jdt.ui 4 2 2021-09-22 11:43:35.462
!MESSAGE Problems occurred when invoking code from plug-in: "org.eclipse.jdt.ui".
!STACK 0
java.lang.IllegalArgumentException
	at org.eclipse.jdt.core.dom.InfixExpression.setOperator(InfixExpression.java:383)
	at org.eclipse.jdt.core.dom.ASTConverter.convert(ASTConverter.java:1287)
	at org.eclipse.jdt.core.dom.ASTConverter.convert(ASTConverter.java:2031)
	at org.eclipse.jdt.core.dom.ASTConverter.convertToParenthesizedExpression(ASTConverter.java:3795)
	at org.eclipse.jdt.core.dom.ASTConverter.convert(ASTConverter.java:1943)
	at org.eclipse.jdt.core.dom.ASTConverter.convert(ASTConverter.java:1204)
	at org.eclipse.jdt.core.dom.ASTConverter.convert(ASTConverter.java:1974)
	at org.eclipse.jdt.core.dom.ASTConverter.convert(ASTConverter.java:3052)
	at org.eclipse.jdt.core.dom.ASTConverter.convert(ASTConverter.java:751)
	at org.eclipse.jdt.core.dom.ASTConverter.buildBodyDeclarations(ASTConverter.java:208)
	at org.eclipse.jdt.core.dom.ASTConverter.convert(ASTConverter.java:3347)
	at org.eclipse.jdt.core.dom.ASTConverter.convert(ASTConverter.java:1524)
	at org.eclipse.jdt.core.dom.AST.convertCompilationUnit(AST.java:494)
	at org.eclipse.jdt.internal.core.CompilationUnit.buildStructure(CompilationUnit.java:201)
	at org.eclipse.jdt.internal.core.Openable.generateInfos(Openable.java:266)
	at org.eclipse.jdt.internal.core.JavaElement.openWhenClosed(JavaElement.java:597)
	at org.eclipse.jdt.internal.core.CompilationUnit.makeConsistent(CompilationUnit.java:1142)
	at org.eclipse.jdt.internal.core.ReconcileWorkingCopyOperation.makeConsistent(ReconcileWorkingCopyOperation.java:173)
	at org.eclipse.jdt.internal.core.ReconcileWorkingCopyOperation.executeOperation(ReconcileWorkingCopyOperation.java:94)
	at org.eclipse.jdt.internal.core.JavaModelOperation.run(JavaModelOperation.java:740)
	at org.eclipse.jdt.internal.core.JavaModelOperation.runOperation(JavaModelOperation.java:806)
	at org.eclipse.jdt.internal.core.CompilationUnit.reconcile(CompilationUnit.java:1319)
	at org.eclipse.jdt.internal.ui.text.java.JavaReconcilingStrategy.reconcile(JavaReconcilingStrategy.java:131)
	at org.eclipse.jdt.internal.ui.text.java.JavaReconcilingStrategy.access$0(JavaReconcilingStrategy.java:113)
	at org.eclipse.jdt.internal.ui.text.java.JavaReconcilingStrategy$1.run(JavaReconcilingStrategy.java:93)
	at org.eclipse.core.runtime.SafeRunner.run(SafeRunner.java:45)
	at org.eclipse.jdt.internal.ui.text.java.JavaReconcilingStrategy.reconcile(JavaReconcilingStrategy.java:90)
	at org.eclipse.jdt.internal.ui.text.java.JavaReconcilingStrategy.reconcile(JavaReconcilingStrategy.java:157)
	at org.eclipse.jdt.internal.ui.text.CompositeReconcilingStrategy.reconcile(CompositeReconcilingStrategy.java:94)
	at org.eclipse.jdt.internal.ui.text.JavaCompositeReconcilingStrategy.reconcile(JavaCompositeReconcilingStrategy.java:107)
	at org.eclipse.jface.text.reconciler.MonoReconciler.process(MonoReconciler.java:76)
	at org.eclipse.jface.text.reconciler.AbstractReconciler$BackgroundThread.run(AbstractReconciler.java:210)

!ENTRY org.eclipse.jdt.ui 4 0 2021-09-22 11:43:35.463
!MESSAGE Error in JDT Core during reconcile
!STACK 0
java.lang.IllegalArgumentException
	at org.eclipse.jdt.core.dom.InfixExpression.setOperator(InfixExpression.java:383)
	at org.eclipse.jdt.core.dom.ASTConverter.convert(ASTConverter.java:1287)
	at org.eclipse.jdt.core.dom.ASTConverter.convert(ASTConverter.java:2031)
	at org.eclipse.jdt.core.dom.ASTConverter.convertToParenthesizedExpression(ASTConverter.java:3795)
	at org.eclipse.jdt.core.dom.ASTConverter.convert(ASTConverter.java:1943)
	at org.eclipse.jdt.core.dom.ASTConverter.convert(ASTConverter.java:1204)
	at org.eclipse.jdt.core.dom.ASTConverter.convert(ASTConverter.java:1974)
	at org.eclipse.jdt.core.dom.ASTConverter.convert(ASTConverter.java:3052)
	at org.eclipse.jdt.core.dom.ASTConverter.convert(ASTConverter.java:751)
	at org.eclipse.jdt.core.dom.ASTConverter.buildBodyDeclarations(ASTConverter.java:208)
	at org.eclipse.jdt.core.dom.ASTConverter.convert(ASTConverter.java:3347)
	at org.eclipse.jdt.core.dom.ASTConverter.convert(ASTConverter.java:1524)
	at org.eclipse.jdt.core.dom.AST.convertCompilationUnit(AST.java:494)
	at org.eclipse.jdt.internal.core.CompilationUnit.buildStructure(CompilationUnit.java:201)
	at org.eclipse.jdt.internal.core.Openable.generateInfos(Openable.java:266)
	at org.eclipse.jdt.internal.core.JavaElement.openWhenClosed(JavaElement.java:597)
	at org.eclipse.jdt.internal.core.CompilationUnit.makeConsistent(CompilationUnit.java:1142)
	at org.eclipse.jdt.internal.core.ReconcileWorkingCopyOperation.makeConsistent(ReconcileWorkingCopyOperation.java:173)
	at org.eclipse.jdt.internal.core.ReconcileWorkingCopyOperation.executeOperation(ReconcileWorkingCopyOperation.java:94)
	at org.eclipse.jdt.internal.core.JavaModelOperation.run(JavaModelOperation.java:740)
	at org.eclipse.jdt.internal.core.JavaModelOperation.runOperation(JavaModelOperation.java:806)
	at org.eclipse.jdt.internal.core.CompilationUnit.reconcile(CompilationUnit.java:1319)
	at org.eclipse.jdt.internal.ui.text.java.JavaReconcilingStrategy.reconcile(JavaReconcilingStrategy.java:131)
	at org.eclipse.jdt.internal.ui.text.java.JavaReconcilingStrategy.access$0(JavaReconcilingStrategy.java:113)
	at org.eclipse.jdt.internal.ui.text.java.JavaReconcilingStrategy$1.run(JavaReconcilingStrategy.java:93)
	at org.eclipse.core.runtime.SafeRunner.run(SafeRunner.java:45)
	at org.eclipse.jdt.internal.ui.text.java.JavaReconcilingStrategy.reconcile(JavaReconcilingStrategy.java:90)
	at org.eclipse.jdt.internal.ui.text.java.JavaReconcilingStrategy.reconcile(JavaReconcilingStrategy.java:157)
	at org.eclipse.jdt.internal.ui.text.CompositeReconcilingStrategy.reconcile(CompositeReconcilingStrategy.java:94)
	at org.eclipse.jdt.internal.ui.text.JavaCompositeReconcilingStrategy.reconcile(JavaCompositeReconcilingStrategy.java:107)
	at org.eclipse.jface.text.reconciler.MonoReconciler.process(MonoReconciler.java:76)
	at org.eclipse.jface.text.reconciler.AbstractReconciler$BackgroundThread.run(AbstractReconciler.java:210)

!ENTRY org.eclipse.jdt.core 4 4 2021-09-22 11:43:35.472
!MESSAGE Exception occurred during compilation unit conversion:
----------------------------------- SOURCE BEGIN -------------------------------------
package FractionStuff;

import java.math.RoundingMode;
import java.text.DecimalFormat;

public class Fraction 
{
	int numerator;
	int denominator;
	
	Fraction() 
	{
		numerator = denominator = 1;  
		// add code here
	}
	
	Fraction(int n, int d) 
	{
		numerator = (n/gcd(n, d));
		denominator=(d/gcd(n, d));
		
	}
	
	private int gcd(int a, int b) 
	{
		if (b == 0)	return (a);
		else return (gcd(b, a % b));
	}
	
	public String toString() 
	{    
		return numerator+"/"+denominator;
	}
	
	String toDecimal() 
	{
		DecimalFormat numberFormat = new DecimalFormat("#.0000000");
		numberFormat.setRoundingMode(RoundingMode.CEILING);
		
		return numberFormat.format((double)numerator/denominator);
	}

	private int lcm(int a, int b)
    {
        return (a / gcd(a, b)) * b;
    }
	
	Fraction add(Fraction f) 
	{
		int LCM = lcm(denominator, f.denominator);
		denominator*lcm
		return f;
	}
	
}
 

----------------------------------- SOURCE END -------------------------------------
!STACK 0
java.lang.IllegalArgumentException
	at org.eclipse.jdt.core.dom.InfixExpression.setOperator(InfixExpression.java:383)
	at org.eclipse.jdt.core.dom.ASTConverter.convert(ASTConverter.java:1287)
	at org.eclipse.jdt.core.dom.ASTConverter.convert(ASTConverter.java:2031)
	at org.eclipse.jdt.core.dom.ASTConverter.convertToParenthesizedExpression(ASTConverter.java:3795)
	at org.eclipse.jdt.core.dom.ASTConverter.convert(ASTConverter.java:1943)
	at org.eclipse.jdt.core.dom.ASTConverter.convert(ASTConverter.java:1204)
	at org.eclipse.jdt.core.dom.ASTConverter.convert(ASTConverter.java:1974)
	at org.eclipse.jdt.core.dom.ASTConverter.convert(ASTConverter.java:3052)
	at org.eclipse.jdt.core.dom.ASTConverter.convert(ASTConverter.java:751)
	at org.eclipse.jdt.core.dom.ASTConverter.buildBodyDeclarations(ASTConverter.java:208)
	at org.eclipse.jdt.core.dom.ASTConverter.convert(ASTConverter.java:3347)
	at org.eclipse.jdt.core.dom.ASTConverter.convert(ASTConverter.java:1524)
	at org.eclipse.jdt.core.dom.CompilationUnitResolver.convert(CompilationUnitResolver.java:323)
	at org.eclipse.jdt.core.dom.ASTParser.internalCreateAST(ASTParser.java:1231)
	at org.eclipse.jdt.core.dom.ASTParser.createAST(ASTParser.java:820)
	at org.eclipse.jdt.core.manipulation.CoreASTProvider$1.run(CoreASTProvider.java:272)
	at org.eclipse.core.runtime.SafeRunner.run(SafeRunner.java:45)
	at org.eclipse.jdt.core.manipulation.CoreASTProvider.createAST(CoreASTProvider.java:264)
	at org.eclipse.jdt.core.manipulation.CoreASTProvider.getAST(CoreASTProvider.java:197)
	at org.eclipse.jdt.core.manipulation.CoreASTProvider.getAST(CoreASTProvider.java:187)
	at org.eclipse.jdt.core.manipulation.SharedASTProviderCore.getAST(SharedASTProviderCore.java:138)
	at org.eclipse.jdt.internal.ui.viewsupport.SelectionListenerWithASTManager$PartListenerGroup.calculateASTandInform(SelectionListenerWithASTManager.java:166)
	at org.eclipse.jdt.internal.ui.viewsupport.SelectionListenerWithASTManager$PartListenerGroup$1.run(SelectionListenerWithASTManager.java:151)
	at org.eclipse.core.internal.jobs.Worker.run(Worker.java:63)

!ENTRY org.eclipse.jdt.core.manipulation 4 2 2021-09-22 11:43:35.472
!MESSAGE Problems occurred when invoking code from plug-in: "org.eclipse.jdt.core.manipulation".
!STACK 0
java.lang.IllegalArgumentException
	at org.eclipse.jdt.core.dom.InfixExpression.setOperator(InfixExpression.java:383)
	at org.eclipse.jdt.core.dom.ASTConverter.convert(ASTConverter.java:1287)
	at org.eclipse.jdt.core.dom.ASTConverter.convert(ASTConverter.java:2031)
	at org.eclipse.jdt.core.dom.ASTConverter.convertToParenthesizedExpression(ASTConverter.java:3795)
	at org.eclipse.jdt.core.dom.ASTConverter.convert(ASTConverter.java:1943)
	at org.eclipse.jdt.core.dom.ASTConverter.convert(ASTConverter.java:1204)
	at org.eclipse.jdt.core.dom.ASTConverter.convert(ASTConverter.java:1974)
	at org.eclipse.jdt.core.dom.ASTConverter.convert(ASTConverter.java:3052)
	at org.eclipse.jdt.core.dom.ASTConverter.convert(ASTConverter.java:751)
	at org.eclipse.jdt.core.dom.ASTConverter.buildBodyDeclarations(ASTConverter.java:208)
	at org.eclipse.jdt.core.dom.ASTConverter.convert(ASTConverter.java:3347)
	at org.eclipse.jdt.core.dom.ASTConverter.convert(ASTConverter.java:1524)
	at org.eclipse.jdt.core.dom.CompilationUnitResolver.convert(CompilationUnitResolver.java:323)
	at org.eclipse.jdt.core.dom.ASTParser.internalCreateAST(ASTParser.java:1231)
	at org.eclipse.jdt.core.dom.ASTParser.createAST(ASTParser.java:820)
	at org.eclipse.jdt.core.manipulation.CoreASTProvider$1.run(CoreASTProvider.java:272)
	at org.eclipse.core.runtime.SafeRunner.run(SafeRunner.java:45)
	at org.eclipse.jdt.core.manipulation.CoreASTProvider.createAST(CoreASTProvider.java:264)
	at org.eclipse.jdt.core.manipulation.CoreASTProvider.getAST(CoreASTProvider.java:197)
	at org.eclipse.jdt.core.manipulation.CoreASTProvider.getAST(CoreASTProvider.java:187)
	at org.eclipse.jdt.core.manipulation.SharedASTProviderCore.getAST(SharedASTProviderCore.java:138)
	at org.eclipse.jdt.internal.ui.viewsupport.SelectionListenerWithASTManager$PartListenerGroup.calculateASTandInform(SelectionListenerWithASTManager.java:166)
	at org.eclipse.jdt.internal.ui.viewsupport.SelectionListenerWithASTManager$PartListenerGroup$1.run(SelectionListenerWithASTManager.java:151)
	at org.eclipse.core.internal.jobs.Worker.run(Worker.java:63)

!ENTRY org.eclipse.jdt.core.manipulation 4 0 2021-09-22 11:43:35.473
!MESSAGE Error in JDT Core during AST creation
!STACK 0
java.lang.IllegalArgumentException
	at org.eclipse.jdt.core.dom.InfixExpression.setOperator(InfixExpression.java:383)
	at org.eclipse.jdt.core.dom.ASTConverter.convert(ASTConverter.java:1287)
	at org.eclipse.jdt.core.dom.ASTConverter.convert(ASTConverter.java:2031)
	at org.eclipse.jdt.core.dom.ASTConverter.convertToParenthesizedExpression(ASTConverter.java:3795)
	at org.eclipse.jdt.core.dom.ASTConverter.convert(ASTConverter.java:1943)
	at org.eclipse.jdt.core.dom.ASTConverter.convert(ASTConverter.java:1204)
	at org.eclipse.jdt.core.dom.ASTConverter.convert(ASTConverter.java:1974)
	at org.eclipse.jdt.core.dom.ASTConverter.convert(ASTConverter.java:3052)
	at org.eclipse.jdt.core.dom.ASTConverter.convert(ASTConverter.java:751)
	at org.eclipse.jdt.core.dom.ASTConverter.buildBodyDeclarations(ASTConverter.java:208)
	at org.eclipse.jdt.core.dom.ASTConverter.convert(ASTConverter.java:3347)
	at org.eclipse.jdt.core.dom.ASTConverter.convert(ASTConverter.java:1524)
	at org.eclipse.jdt.core.dom.CompilationUnitResolver.convert(CompilationUnitResolver.java:323)
	at org.eclipse.jdt.core.dom.ASTParser.internalCreateAST(ASTParser.java:1231)
	at org.eclipse.jdt.core.dom.ASTParser.createAST(ASTParser.java:820)
	at org.eclipse.jdt.core.manipulation.CoreASTProvider$1.run(CoreASTProvider.java:272)
	at org.eclipse.core.runtime.SafeRunner.run(SafeRunner.java:45)
	at org.eclipse.jdt.core.manipulation.CoreASTProvider.createAST(CoreASTProvider.java:264)
	at org.eclipse.jdt.core.manipulation.CoreASTProvider.getAST(CoreASTProvider.java:197)
	at org.eclipse.jdt.core.manipulation.CoreASTProvider.getAST(CoreASTProvider.java:187)
	at org.eclipse.jdt.core.manipulation.SharedASTProviderCore.getAST(SharedASTProviderCore.java:138)
	at org.eclipse.jdt.internal.ui.viewsupport.SelectionListenerWithASTManager$PartListenerGroup.calculateASTandInform(SelectionListenerWithASTManager.java:166)
	at org.eclipse.jdt.internal.ui.viewsupport.SelectionListenerWithASTManager$PartListenerGroup$1.run(SelectionListenerWithASTManager.java:151)
	at org.eclipse.core.internal.jobs.Worker.run(Worker.java:63)
!SESSION 2021-09-24 04:51:10.243 -----------------------------------------------
eclipse.buildId=4.20.0.I20210611-1600
java.version=16.0.2
java.vendor=Oracle Corporation
BootLoader constants: OS=win32, ARCH=x86_64, WS=win32, NL=en_US
Framework arguments:  -product org.eclipse.epp.package.java.product
Command-line arguments:  -os win32 -ws win32 -arch x86_64 -product org.eclipse.epp.package.java.product

!ENTRY org.eclipse.jface 2 0 2021-09-24 04:51:12.915
!MESSAGE Keybinding conflicts occurred.  They may interfere with normal accelerator operation.
!SUBENTRY 1 org.eclipse.jface 2 0 2021-09-24 04:51:12.915
!MESSAGE A conflict occurred for CTRL+SHIFT+T:
Binding(CTRL+SHIFT+T,
	ParameterizedCommand(Command(org.eclipse.jdt.ui.navigate.open.type,Open Type,
		Open a type in a Java editor,
		Category(org.eclipse.ui.category.navigate,Navigate,null,true),
		org.eclipse.ui.internal.WorkbenchHandlerServiceHandler@445b85d7,
		,,true),null),
	org.eclipse.ui.defaultAcceleratorConfiguration,
	org.eclipse.ui.contexts.window,,,system)
Binding(CTRL+SHIFT+T,
	ParameterizedCommand(Command(org.eclipse.lsp4e.symbolinworkspace,Go to Symbol in Workspace,
		,
		Category(org.eclipse.lsp4e.category,Language Servers,null,true),
		org.eclipse.ui.internal.WorkbenchHandlerServiceHandler@3d59933,
		,,true),null),
	org.eclipse.ui.defaultAcceleratorConfiguration,
	org.eclipse.ui.contexts.window,,,system)

!ENTRY org.eclipse.egit.ui 2 0 2021-09-24 04:51:20.563
!MESSAGE Warning: The environment variable HOME is not set. The following directory will be used to store the Git
user global configuration and to define the default location to store repositories: 'C:\Users\malst'. If this is
not correct please set the HOME environment variable and restart Eclipse. Otherwise Git for Windows and
EGit might behave differently since they see different configuration options.
This warning can be switched off on the Team > Git > Confirmations and Warnings preference page.
